[INFO] S+L release: stable
[INFO] S+L systype: x86_E5v4_Mellanox
[INFO] S+L engaged!

mkdir fail: [13] Permission denied
application called MPI_Abort(MPI_COMM_WORLD, 1) - process 19
In: PMI_Abort(1, application called MPI_Abort(MPI_COMM_WORLD, 1) - process 19)
application called MPI_Abort(MPI_COMM_WORLD, 1) - process 13
In: PMI_Abort(1, application called MPI_Abort(MPI_COMM_WORLD, 1) - process 13)
application called MPI_Abort(MPI_COMM_WORLD, 1) - process 6
In: PMI_Abort(1, application called MPI_Abort(MPI_COMM_WORLD, 1) - process 6)
application called MPI_Abort(MPI_COMM_WORLD, 1) - process 25
In: PMI_Abort(1, application called MPI_Abort(MPI_COMM_WORLD, 1) - process 25)
application called MPI_Abort(MPI_COMM_WORLD, 1) - process 8
In: PMI_Abort(1, application called MPI_Abort(MPI_COMM_WORLD, 1) - process 8)
application called MPI_Abort(MPI_COMM_WORLD, 1) - process 7
In: PMI_Abort(1, application called MPI_Abort(MPI_COMM_WORLD, 1) - process 7)
application called MPI_Abort(MPI_COMM_WORLD, 1) - process 5
In: PMI_Abort(1, application called MPI_Abort(MPI_COMM_WORLD, 1) - process 5)
application called MPI_Abort(MPI_COMM_WORLD, 1) - process 26
In: PMI_Abort(1, application called MPI_Abort(MPI_COMM_WORLD, 1) - process 26)
application called MPI_Abort(MPI_COMM_WORLD, 1) - process 20
In: PMI_Abort(1, application called MPI_Abort(MPI_COMM_WORLD, 1) - process 20)
application called MPI_Abort(MPI_COMM_WORLD, 1) - process 23
In: PMI_Abort(1, application called MPI_Abort(MPI_COMM_WORLD, 1) - process 23)
application called MPI_Abort(MPI_COMM_WORLD, 1) - process 18
In: PMI_Abort(1, application called MPI_Abort(MPI_COMM_WORLD, 1) - process 18)
application called MPI_Abort(MPI_COMM_WORLD, 1) - process 4
In: PMI_Abort(1, application called MPI_Abort(MPI_COMM_WORLD, 1) - process 4)
application called MPI_Abort(MPI_COMM_WORLD, 1) - process 12
In: PMI_Abort(1, application called MPI_Abort(MPI_COMM_WORLD, 1) - process 12)
application called MPI_Abort(MPI_COMM_WORLD, 1) - process 11
In: PMI_Abort(1, application called MPI_Abort(MPI_COMM_WORLD, 1) - process 11)
application called MPI_Abort(MPI_COMM_WORLD, 1) - process 22
In: PMI_Abort(1, application called MPI_Abort(MPI_COMM_WORLD, 1) - process 22)
application called MPI_Abort(MPI_COMM_WORLD, 1) - process 16
In: PMI_Abort(1, application called MPI_Abort(MPI_COMM_WORLD, 1) - process 16)
application called MPI_Abort(MPI_COMM_WORLD, 1) - process 9
In: PMI_Abort(1, application called MPI_Abort(MPI_COMM_WORLD, 1) - process 9)
slurmstepd: error: *** STEP 307955.0 ON f105 CANCELLED AT 2017-12-30T16:10:01 ***
application called MPI_Abort(MPI_COMM_WORLD, 1) - process 2
In: PMI_Abort(1, application called MPI_Abort(MPI_COMM_WORLD, 1) - process 2)
application called MPI_Abort(MPI_COMM_WORLD, 1) - process 24
In: PMI_Abort(1, application called MPI_Abort(MPI_COMM_WORLD, 1) - process 24)
application called MPI_Abort(MPI_COMM_WORLD, 1) - process 14
In: PMI_Abort(1, application called MPI_Abort(MPI_COMM_WORLD, 1) - process 14)
application called MPI_Abort(MPI_COMM_WORLD, 1) - process 0
In: PMI_Abort(1, application called MPI_Abort(MPI_COMM_WORLD, 1) - process 0)
application called MPI_Abort(MPI_COMM_WORLD, 1) - process 10
In: PMI_Abort(1, application called MPI_Abort(MPI_COMM_WORLD, 1) - process 10)
application called MPI_Abort(MPI_COMM_WORLD, 1) - process 15
In: PMI_Abort(1, application called MPI_Abort(MPI_COMM_WORLD, 1) - process 15)
srun: Job step aborted: Waiting up to 32 seconds for job step to finish.
srun: error: f105: tasks 0-12,14-18,20-27: Killed
srun: Terminating job step 307955.0
srun: error: f105: tasks 13,19: Exited with exit code 1
